{
  "RSpec": {
    "coverage": {
      "/Users/jwinterschladen/Documents/Makers/tech-tests/bank_tech_test/spec/account_spec.rb": {
        "lines": [
          null,
          null,
          1,
          1,
          null,
          1,
          14,
          9,
          null,
          1,
          1,
          1,
          1,
          null,
          1,
          2,
          null,
          null,
          null,
          1,
          1,
          1,
          1,
          1,
          null,
          null,
          null,
          1,
          1,
          1,
          1,
          null,
          1,
          1,
          1,
          1,
          null,
          1,
          1,
          1,
          1,
          null,
          1,
          1,
          1,
          1,
          1,
          null,
          null,
          null,
          1,
          1,
          1,
          1,
          2,
          null,
          null,
          null,
          1,
          1,
          2,
          null,
          null,
          null,
          1,
          1,
          2,
          null,
          null,
          null,
          1,
          1,
          2,
          null,
          null,
          null,
          1,
          1,
          1,
          2,
          null,
          null,
          null,
          null,
          null,
          1,
          1,
          1,
          1,
          2,
          null,
          null,
          null,
          null,
          null,
          null,
          null,
          null,
          null
        ]
      },
      "/Users/jwinterschladen/Documents/Makers/tech-tests/bank_tech_test/lib/account.rb": {
        "lines": [
          null,
          null,
          1,
          null,
          null,
          1,
          1,
          null,
          1,
          16,
          16,
          null,
          null,
          1,
          19,
          18,
          18,
          null,
          null,
          1,
          6,
          6,
          null,
          null,
          1,
          7,
          7,
          12,
          null,
          null,
          null,
          null,
          null,
          null,
          1,
          null,
          1,
          19,
          null,
          null,
          1,
          18,
          null,
          null,
          null,
          null,
          null,
          1,
          6,
          null,
          null,
          null,
          null,
          null
        ]
      },
      "/Users/jwinterschladen/Documents/Makers/tech-tests/bank_tech_test/spec/features/feature_tests_spec.rb": {
        "lines": [
          null,
          null,
          1,
          null,
          1,
          1,
          1,
          1,
          1,
          1,
          null,
          null,
          null,
          1,
          1,
          1,
          1,
          1,
          1,
          null,
          null,
          null,
          1,
          1,
          1,
          1,
          1,
          1,
          1,
          2,
          null,
          null,
          null,
          null,
          null,
          null,
          null,
          null
        ]
      }
    },
    "timestamp": 1648545988
  }
}
